<?xml version="1.0" encoding="UTF-8"?>
<!-- Generated by org.testng.reporters.JUnitXMLReporter -->
<testsuite ignored="0" hostname="fceeababadbd305296924dffcbbfbdaafone-0" failures="0" tests="3" name="Surefire test" time="33.437" errors="0" timestamp="2023-09-21T11:22:11 UTC">
  <testcase classname="runner.Testcase3" name="TC_003" time="10.105"/>
  <testcase classname="runner.Testcase1" name="TC_001" time="6.019"/>
  <testcase classname="runner.Testcase2" name="TC_002" time="8.47"/>
</testsuite> <!-- Surefire test -->
